<?xml version="1.0" encoding="UTF-8"?>
<!-- Generated by org.testng.reporters.JUnitXMLReporter -->
<testsuite ignored="0" hostname="HAN-IT-528-L" failures="0" tests="4" name="Run on FIREFOX browser" time="0.072" errors="0" timestamp="2025-05-18T10:15:08 ICT">
  <testcase classname="selenium.Topic_01_Libraries" name="test_01" time="0.0"/>
  <testcase classname="selenium.Topic_02_TestNG" name="Login_01" time="0.0"/>
  <testcase classname="selenium.Topic_02_TestNG" name="Login_02" time="0.001"/>
  <testcase classname="selenium.Topic_02_TestNG" name="Login_03" time="0.0"/>
</testsuite> <!-- Run on FIREFOX browser -->
